{
  "testCase" : [ {
    "testStep" : [ {
      "technology" : "web",
      "scrnShotPath" : "_17_02_2023_12_06_33_633_PM",
      "excptnMsg" : "org.openqa.selenium.NoSuchElementException: no such element: Unable to locate element: {\"method\":\"css selector\",\"selector\":\"#signInName123\"}\n  (Session info: chrome=110.0.5481.104)\nFor documentation on this error, please visit: https://www.seleniumhq.org/exceptions/no_such_element.html\nBuild info: version: '3.141.59', revision: 'e82be7d358', time: '2018-11-14T08:17:03'\nSystem info: host: 'B300LCOK', ip: '192.168.29.58', os.name: 'Windows 10', os.arch: 'amd64', os.version: '10.0', java.version: '11.0.2'\nDriver info: org.openqa.selenium.chrome.ChromeDriver\nCapabilities {acceptInsecureCerts: false, browserName: chrome, browserVersion: 110.0.5481.104, chrome: {chromedriverVersion: 110.0.5481.77 (65ed616c6e8e..., userDataDir: C:\\Users\\188162\\AppData\\Loc...}, goog:chromeOptions: {debuggerAddress: localhost:51006}, javascriptEnabled: true, networkConnectionEnabled: false, pageLoadStrategy: none, platform: WINDOWS, platformName: WINDOWS, proxy: Proxy(), setWindowRect: true, strictFileInteractability: false, timeouts: {implicit: 0, pageLoad: 300000, script: 30000}, unhandledPromptBehavior: dismiss and notify, webauthn:extension:credBlob: true, webauthn:extension:largeBlob: true, webauthn:virtualAuthenticators: true}\nSession ID: cc674beebaa2ad31efeebacf698d58c8\n*** Element info: {Using=id, value=signInName123}",
      "action" : "enterText",
      "locatorEleMap" : {
        "css" : "#signInName",
        "xpath_fullXPath" : "/html/body/main/div/div/div/div/div[2]/form/div[3]/div[1]/input",
        "name" : "Email Address"
      },
      "testStepFailureReason" : "NoSuchElementException",
      "pageName" : "NewPage",
      "objectName" : "input_EmailAddress",
      "healStatus" : "success",
      "healedElement" : "name : Email Address",
      "failedElement" : "id : signInName123",
      "appstatus" : false
    }, {
      "technology" : "web",
      "scrnShotPath" : "_17_02_2023_12_07_18_718_PM",
      "excptnMsg" : "org.openqa.selenium.NoSuchElementException: no such element: Unable to locate element: {\"method\":\"css selector\",\"selector\":\"#password123\"}\n  (Session info: chrome=110.0.5481.104)\nFor documentation on this error, please visit: https://www.seleniumhq.org/exceptions/no_such_element.html\nBuild info: version: '3.141.59', revision: 'e82be7d358', time: '2018-11-14T08:17:03'\nSystem info: host: 'B300LCOK', ip: '192.168.29.58', os.name: 'Windows 10', os.arch: 'amd64', os.version: '10.0', java.version: '11.0.2'\nDriver info: org.openqa.selenium.chrome.ChromeDriver\nCapabilities {acceptInsecureCerts: false, browserName: chrome, browserVersion: 110.0.5481.104, chrome: {chromedriverVersion: 110.0.5481.77 (65ed616c6e8e..., userDataDir: C:\\Users\\188162\\AppData\\Loc...}, goog:chromeOptions: {debuggerAddress: localhost:51006}, javascriptEnabled: true, networkConnectionEnabled: false, pageLoadStrategy: none, platform: WINDOWS, platformName: WINDOWS, proxy: Proxy(), setWindowRect: true, strictFileInteractability: false, timeouts: {implicit: 0, pageLoad: 300000, script: 30000}, unhandledPromptBehavior: dismiss and notify, webauthn:extension:credBlob: true, webauthn:extension:largeBlob: true, webauthn:virtualAuthenticators: true}\nSession ID: cc674beebaa2ad31efeebacf698d58c8\n*** Element info: {Using=id, value=password123}",
      "action" : "enterText",
      "locatorEleMap" : {
        "css" : "#password",
        "xpath_Attribute" : "//input[@type='password']",
        "xpath_fullXPath" : "/html/body/main/div/div/div/div/div[2]/form/div[3]/div[2]/input",
        "name" : "Password",
        "xpath_Position" : "//input[position() and @type='password']"
      },
      "testStepFailureReason" : "NoSuchElementException",
      "pageName" : "NewPage",
      "objectName" : "input_Password",
      "healStatus" : "success",
      "healedElement" : "name : Password",
      "failedElement" : "id : password123",
      "appstatus" : false
    }, {
      "technology" : "web",
      "scrnShotPath" : null,
      "excptnMsg" : "org.openqa.selenium.InvalidSelectorException: invalid selector: Unable to locate an element with the xpath expression //div[@class='product-item-details']/div/a[1]123 because of the following error:\nSyntaxError: Failed to execute 'evaluate' on 'Document': The string '//div[@class='product-item-details']/div/a[1]123' is not a valid XPath expression.\n  (Session info: chrome=110.0.5481.104)\nFor documentation on this error, please visit: https://www.seleniumhq.org/exceptions/invalid_selector_exception.html\nBuild info: version: '3.141.59', revision: 'e82be7d358', time: '2018-11-14T08:17:03'\nSystem info: host: 'B300LCOK', ip: '192.168.29.58', os.name: 'Windows 10', os.arch: 'amd64', os.version: '10.0', java.version: '11.0.2'\nDriver info: org.openqa.selenium.chrome.ChromeDriver\nCapabilities {acceptInsecureCerts: false, browserName: chrome, browserVersion: 110.0.5481.104, chrome: {chromedriverVersion: 110.0.5481.77 (65ed616c6e8e..., userDataDir: C:\\Users\\188162\\AppData\\Loc...}, goog:chromeOptions: {debuggerAddress: localhost:51006}, javascriptEnabled: true, networkConnectionEnabled: false, pageLoadStrategy: none, platform: WINDOWS, platformName: WINDOWS, proxy: Proxy(), setWindowRect: true, strictFileInteractability: false, timeouts: {implicit: 0, pageLoad: 300000, script: 30000}, unhandledPromptBehavior: dismiss and notify, webauthn:extension:credBlob: true, webauthn:extension:largeBlob: true, webauthn:virtualAuthenticators: true}\nSession ID: cc674beebaa2ad31efeebacf698d58c8\n*** Element info: {Using=xpath, value=//div[@class='product-item-details']/div/a[1]123}",
      "action" : "clickByJsExecutor",
      "locatorEleMap" : { },
      "testStepFailureReason" : "InvalidSelectorException",
      "pageName" : "NewPage",
      "objectName" : "selectfirstproduct",
      "healStatus" : "Failure",
      "healedElement" : "null : NA",
      "failedElement" : "xpath : //div[@class='product-item-details']/div/a[1]123",
      "appstatus" : false
    } ],
    "testCaseName" : "RemoteTestNG"
  } ],
  "noSuchEleCount" : 3,
  "stleTmeOutCount" : 0,
  "netwrkErrCount" : 0,
  "othersCount" : 0,
  "testRunName" : "TestRun1"
}