{
  "testCase" : [ {
    "testStep" : [ {
      "technology" : "web",
      "scrnShotPath" : "_17_02_2023_12_31_57_3157_AM",
      "excptnMsg" : "org.openqa.selenium.NoSuchElementException: no such element: Unable to locate element: {\"method\":\"css selector\",\"selector\":\"#signInName123\"}\n  (Session info: chrome=110.0.5481.100)\nFor documentation on this error, please visit: https://www.seleniumhq.org/exceptions/no_such_element.html\nBuild info: version: '3.141.59', revision: 'e82be7d358', time: '2018-11-14T08:17:03'\nSystem info: host: 'B300LCOK', ip: '192.168.29.58', os.name: 'Windows 10', os.arch: 'amd64', os.version: '10.0', java.version: '11.0.2'\nDriver info: org.openqa.selenium.chrome.ChromeDriver\nCapabilities {acceptInsecureCerts: false, browserName: chrome, browserVersion: 110.0.5481.100, chrome: {chromedriverVersion: 110.0.5481.77 (65ed616c6e8e..., userDataDir: C:\\Users\\188162\\AppData\\Loc...}, goog:chromeOptions: {debuggerAddress: localhost:59709}, javascriptEnabled: true, networkConnectionEnabled: false, pageLoadStrategy: none, platform: WINDOWS, platformName: WINDOWS, proxy: Proxy(), setWindowRect: true, strictFileInteractability: false, timeouts: {implicit: 0, pageLoad: 300000, script: 30000}, unhandledPromptBehavior: dismiss and notify, webauthn:extension:credBlob: true, webauthn:extension:largeBlob: true, webauthn:virtualAuthenticators: true}\nSession ID: 64189f25aafd64d1f5bcec8694b0da85\n*** Element info: {Using=id, value=signInName123}",
      "action" : "enterText",
      "locatorEleMap" : {
        "css" : "#signInName",
        "xpath_fullXPath" : "/html/body/main/div/div/div/div/div[2]/form/div[3]/div[1]/input",
        "name" : "Email Address"
      },
      "testStepFailureReason" : "NoSuchElementException",
      "healedElement" : "name : Email Address",
      "objectName" : "input_EmailAddress",
      "appstatus" : false,
      "healStatus" : "success",
      "failedElement" : "id : signInName123",
      "pageName" : "NewPage"
    }, {
      "technology" : "web",
      "scrnShotPath" : "_17_02_2023_12_34_49_3449_AM",
      "excptnMsg" : "org.openqa.selenium.NoSuchElementException: no such element: Unable to locate element: {\"method\":\"xpath\",\"selector\":\"//ul[@class='nav__links nav__links--products js-offcanvas-links']/li[3]/span/a123\"}\n  (Session info: chrome=110.0.5481.100)\nFor documentation on this error, please visit: https://www.seleniumhq.org/exceptions/no_such_element.html\nBuild info: version: '3.141.59', revision: 'e82be7d358', time: '2018-11-14T08:17:03'\nSystem info: host: 'B300LCOK', ip: '192.168.29.58', os.name: 'Windows 10', os.arch: 'amd64', os.version: '10.0', java.version: '11.0.2'\nDriver info: org.openqa.selenium.chrome.ChromeDriver\nCapabilities {acceptInsecureCerts: false, browserName: chrome, browserVersion: 110.0.5481.100, chrome: {chromedriverVersion: 110.0.5481.77 (65ed616c6e8e..., userDataDir: C:\\Users\\188162\\AppData\\Loc...}, goog:chromeOptions: {debuggerAddress: localhost:59709}, javascriptEnabled: true, networkConnectionEnabled: false, pageLoadStrategy: none, platform: WINDOWS, platformName: WINDOWS, proxy: Proxy(), setWindowRect: true, strictFileInteractability: false, timeouts: {implicit: 0, pageLoad: 300000, script: 30000}, unhandledPromptBehavior: dismiss and notify, webauthn:extension:credBlob: true, webauthn:extension:largeBlob: true, webauthn:virtualAuthenticators: true}\nSession ID: 64189f25aafd64d1f5bcec8694b0da85\n*** Element info: {Using=xpath, value=//ul[@class='nav__links nav__links--products js-offcanvas-links']/li[3]/span/a123}",
      "action" : "clickByJsExecutor",
      "locatorEleMap" : {
        "xpath_fullXPath" : "/html/body/main/header/nav[3]/div[1]/ul[2]/li[3]/span[1]/a"
      },
      "testStepFailureReason" : "NoSuchElementException",
      "healedElement" : "xpath : /html/body/main/header/nav[3]/div[1]/ul[2]/li[3]/span[1]/a",
      "objectName" : "a_rNElectronics",
      "appstatus" : false,
      "healStatus" : "success",
      "failedElement" : "xpath : //ul[@class='nav__links nav__links--products js-offcanvas-links']/li[3]/span/a123",
      "pageName" : "NewPage"
    } ],
    "testCaseName" : "RemoteTestNG"
  } ],
  "noSuchEleCount" : 2,
  "stleTmeOutCount" : 0,
  "netwrkErrCount" : 0,
  "othersCount" : 0,
  "testRunName" : "TestRun1"
}