{
  "testCase" : [ {
    "testStep" : [ {
      "technology" : "web",
      "scrnShotPath" : "_17_02_2023_01_30_55_3055_AM",
      "excptnMsg" : "org.openqa.selenium.NoSuchElementException: no such element: Unable to locate element: {\"method\":\"css selector\",\"selector\":\"#signInName123\"}\n  (Session info: chrome=110.0.5481.100)\nFor documentation on this error, please visit: https://www.seleniumhq.org/exceptions/no_such_element.html\nBuild info: version: '3.141.59', revision: 'e82be7d358', time: '2018-11-14T08:17:03'\nSystem info: host: 'B300LCOK', ip: '192.168.29.58', os.name: 'Windows 10', os.arch: 'amd64', os.version: '10.0', java.version: '11.0.2'\nDriver info: org.openqa.selenium.chrome.ChromeDriver\nCapabilities {acceptInsecureCerts: false, browserName: chrome, browserVersion: 110.0.5481.100, chrome: {chromedriverVersion: 110.0.5481.77 (65ed616c6e8e..., userDataDir: C:\\Users\\188162\\AppData\\Loc...}, goog:chromeOptions: {debuggerAddress: localhost:51333}, javascriptEnabled: true, networkConnectionEnabled: false, pageLoadStrategy: none, platform: WINDOWS, platformName: WINDOWS, proxy: Proxy(), setWindowRect: true, strictFileInteractability: false, timeouts: {implicit: 0, pageLoad: 300000, script: 30000}, unhandledPromptBehavior: dismiss and notify, webauthn:extension:credBlob: true, webauthn:extension:largeBlob: true, webauthn:virtualAuthenticators: true}\nSession ID: 0f2749fca75db8743acfea1212096abe\n*** Element info: {Using=id, value=signInName123}",
      "action" : "enterText",
      "locatorEleMap" : {
        "css" : "#signInName",
        "xpath_fullXPath" : "/html/body/main/div/div/div/div/div[2]/form/div[3]/div[1]/input",
        "name" : "Email Address"
      },
      "objectName" : "input_EmailAddress",
      "testStepFailureReason" : "NoSuchElementException",
      "healedElement" : "name : Email Address",
      "failedElement" : "id : signInName123",
      "appstatus" : false,
      "healStatus" : "success",
      "pageName" : "NewPage"
    }, {
      "technology" : "web",
      "scrnShotPath" : "_17_02_2023_01_31_39_3139_AM",
      "excptnMsg" : "org.openqa.selenium.NoSuchElementException: no such element: Unable to locate element: {\"method\":\"css selector\",\"selector\":\"#password123\"}\n  (Session info: chrome=110.0.5481.100)\nFor documentation on this error, please visit: https://www.seleniumhq.org/exceptions/no_such_element.html\nBuild info: version: '3.141.59', revision: 'e82be7d358', time: '2018-11-14T08:17:03'\nSystem info: host: 'B300LCOK', ip: '192.168.29.58', os.name: 'Windows 10', os.arch: 'amd64', os.version: '10.0', java.version: '11.0.2'\nDriver info: org.openqa.selenium.chrome.ChromeDriver\nCapabilities {acceptInsecureCerts: false, browserName: chrome, browserVersion: 110.0.5481.100, chrome: {chromedriverVersion: 110.0.5481.77 (65ed616c6e8e..., userDataDir: C:\\Users\\188162\\AppData\\Loc...}, goog:chromeOptions: {debuggerAddress: localhost:51333}, javascriptEnabled: true, networkConnectionEnabled: false, pageLoadStrategy: none, platform: WINDOWS, platformName: WINDOWS, proxy: Proxy(), setWindowRect: true, strictFileInteractability: false, timeouts: {implicit: 0, pageLoad: 300000, script: 30000}, unhandledPromptBehavior: dismiss and notify, webauthn:extension:credBlob: true, webauthn:extension:largeBlob: true, webauthn:virtualAuthenticators: true}\nSession ID: 0f2749fca75db8743acfea1212096abe\n*** Element info: {Using=id, value=password123}",
      "action" : "enterText",
      "locatorEleMap" : {
        "css" : "#password",
        "xpath_Attribute" : "//input[@type='password']",
        "xpath_fullXPath" : "/html/body/main/div/div/div/div/div[2]/form/div[3]/div[2]/input",
        "name" : "Password",
        "xpath_Position" : "//input[position() and @type='password']"
      },
      "objectName" : "input_Password",
      "testStepFailureReason" : "NoSuchElementException",
      "healedElement" : "name : Password",
      "failedElement" : "id : password123",
      "appstatus" : false,
      "healStatus" : "success",
      "pageName" : "NewPage"
    }, {
      "technology" : "web",
      "scrnShotPath" : "_17_02_2023_01_32_45_3245_AM",
      "excptnMsg" : "org.openqa.selenium.InvalidSelectorException: invalid selector: Unable to locate an element with the xpath expression //a[normalize-space()='Continue Shopping']12333 because of the following error:\nSyntaxError: Failed to execute 'evaluate' on 'Document': The string '//a[normalize-space()='Continue Shopping']12333' is not a valid XPath expression.\n  (Session info: chrome=110.0.5481.100)\nFor documentation on this error, please visit: https://www.seleniumhq.org/exceptions/invalid_selector_exception.html\nBuild info: version: '3.141.59', revision: 'e82be7d358', time: '2018-11-14T08:17:03'\nSystem info: host: 'B300LCOK', ip: '192.168.29.58', os.name: 'Windows 10', os.arch: 'amd64', os.version: '10.0', java.version: '11.0.2'\nDriver info: org.openqa.selenium.chrome.ChromeDriver\nCapabilities {acceptInsecureCerts: false, browserName: chrome, browserVersion: 110.0.5481.100, chrome: {chromedriverVersion: 110.0.5481.77 (65ed616c6e8e..., userDataDir: C:\\Users\\188162\\AppData\\Loc...}, goog:chromeOptions: {debuggerAddress: localhost:51333}, javascriptEnabled: true, networkConnectionEnabled: false, pageLoadStrategy: none, platform: WINDOWS, platformName: WINDOWS, proxy: Proxy(), setWindowRect: true, strictFileInteractability: false, timeouts: {implicit: 0, pageLoad: 300000, script: 30000}, unhandledPromptBehavior: dismiss and notify, webauthn:extension:credBlob: true, webauthn:extension:largeBlob: true, webauthn:virtualAuthenticators: true}\nSession ID: 0f2749fca75db8743acfea1212096abe\n*** Element info: {Using=xpath, value=//a[normalize-space()='Continue Shopping']12333}",
      "action" : "clickByJsExecutor",
      "locatorEleMap" : {
        "xpath_Ancestor" : "//a[normalize-space()='Continue Shopping']/ancestor::*/a[@href= '']",
        "css" : ".btn.btn-default.btn-block.js-mini-cart-close-button",
        "xpath_fullXPath" : "/html/body/div[4]/div[1]/div[2]/div[2]/div[1]/div/div[3]/a[1]",
        "xpath_Descendant" : "//a[normalize-space()='Continue Shopping']/parent::*/descendant::a[@href= '']",
        "xpath_default" : "//a[normalize-space()='Continue Shopping']",
        "xpath_child" : "//a[normalize-space()='Continue Shopping']/parent::*/child::a[@href= '']"
      },
      "objectName" : "a_ROContinueShopp",
      "testStepFailureReason" : "InvalidSelectorException",
      "healedElement" : "xpath : //a[normalize-space()='Continue Shopping']",
      "failedElement" : "xpath : //a[normalize-space()='Continue Shopping']12333",
      "appstatus" : false,
      "healStatus" : "success",
      "pageName" : "NewPage"
    } ],
    "testCaseName" : "RemoteTestNG"
  } ],
  "noSuchEleCount" : 3,
  "stleTmeOutCount" : 0,
  "netwrkErrCount" : 0,
  "othersCount" : 0,
  "testRunName" : "TestRun1"
}