{
  "testCase" : [ {
    "testStep" : [ {
      "technology" : "web",
      "scrnShotPath" : "_23_02_2023_01_51_54_5154_PM",
      "excptnMsg" : "org.openqa.selenium.NoSuchElementException: no such element: Unable to locate element: {\"method\":\"xpath\",\"selector\":\"//a[@aria-label='Shop']//span[contains(text(),'Shop123')]\"}\n  (Session info: chrome=110.0.5481.104)\nFor documentation on this error, please visit: https://www.seleniumhq.org/exceptions/no_such_element.html\nBuild info: version: '3.141.59', revision: 'e82be7d358', time: '2018-11-14T08:17:03'\nSystem info: host: 'B300LCOK', ip: '10.6.64.156', os.name: 'Windows 10', os.arch: 'amd64', os.version: '10.0', java.version: '18.0.1'\nDriver info: org.openqa.selenium.chrome.ChromeDriver\nCapabilities {acceptInsecureCerts: false, browserName: chrome, browserVersion: 110.0.5481.104, chrome: {chromedriverVersion: 110.0.5481.77 (65ed616c6e8e..., userDataDir: C:\\Users\\188162\\AppData\\Loc...}, goog:chromeOptions: {debuggerAddress: localhost:56582}, javascriptEnabled: true, networkConnectionEnabled: false, pageLoadStrategy: none, platform: WINDOWS, platformName: WINDOWS, proxy: Proxy(), setWindowRect: true, strictFileInteractability: false, timeouts: {implicit: 0, pageLoad: 300000, script: 30000}, unhandledPromptBehavior: dismiss and notify, webauthn:extension:credBlob: true, webauthn:extension:largeBlob: true, webauthn:virtualAuthenticators: true}\nSession ID: 43491d3c0dcd7abec8a97c7225d8ad2f\n*** Element info: {Using=xpath, value=//a[@aria-label='Shop']//span[contains(text(),'Shop123')]}",
      "action" : "click",
      "locatorEleMap" : {
        "css" : " body div[class='page-wrapper'] header[class='main-header hide-for-print v4-header global-search-bar-enabled'] div[class='three-tier-header'] div[class='header-content'] div[class='secondary-menu slide-menu has-secondary-nav'] div[class='secondary-menu__logo-and-icons'] div[class='content-wrapper'] div[class='secondary-nav-wrapper links-6'] nav[aria-label='Primary'] ul li a[aria-label='Shop'] span:nth-child(1)",
        "xpath_fullXPath" : "/html/body/div[3]/header/div[2]/div[2]/div/div/div/div[2]/nav/ul/li[1]/a/span",
        "xpath_default" : "//a[@aria-label='Shop']//span[contains(text(),'Shop')]"
      },
      "pageName" : "NewPage",
      "objectName" : "span_aoShop",
      "healedElement" : "xpath : //a[@aria-label='Shop']//span[contains(text(),'Shop')]",
      "healStatus" : "success",
      "appstatus" : false,
      "failedElement" : "xpath : //a[@aria-label='Shop']//span[contains(text(),'Shop123')]",
      "testStepFailureReason" : "NoSuchElementException"
    }, {
      "technology" : "web",
      "scrnShotPath" : "_23_02_2023_01_54_00_540_PM",
      "excptnMsg" : "org.openqa.selenium.NoSuchElementException: no such element: Unable to locate element: {\"method\":\"xpath\",\"selector\":\"//span[normalize-space()='Select Options123']\"}\n  (Session info: chrome=110.0.5481.104)\nFor documentation on this error, please visit: https://www.seleniumhq.org/exceptions/no_such_element.html\nBuild info: version: '3.141.59', revision: 'e82be7d358', time: '2018-11-14T08:17:03'\nSystem info: host: 'B300LCOK', ip: '10.6.64.156', os.name: 'Windows 10', os.arch: 'amd64', os.version: '10.0', java.version: '18.0.1'\nDriver info: org.openqa.selenium.chrome.ChromeDriver\nCapabilities {acceptInsecureCerts: false, browserName: chrome, browserVersion: 110.0.5481.104, chrome: {chromedriverVersion: 110.0.5481.77 (65ed616c6e8e..., userDataDir: C:\\Users\\188162\\AppData\\Loc...}, goog:chromeOptions: {debuggerAddress: localhost:56582}, javascriptEnabled: true, networkConnectionEnabled: false, pageLoadStrategy: none, platform: WINDOWS, platformName: WINDOWS, proxy: Proxy(), setWindowRect: true, strictFileInteractability: false, timeouts: {implicit: 0, pageLoad: 300000, script: 30000}, unhandledPromptBehavior: dismiss and notify, webauthn:extension:credBlob: true, webauthn:extension:largeBlob: true, webauthn:virtualAuthenticators: true}\nSession ID: 43491d3c0dcd7abec8a97c7225d8ad2f\n*** Element info: {Using=xpath, value=//span[normalize-space()='Select Options123']}",
      "action" : "clickByJsExecutor",
      "locatorEleMap" : {
        "xpath_Ancestor" : "//span[normalize-space()='Select Options']/ancestor::*/span[contains(text(),'Select Options')]",
        "css" : ".product-action-square-button__label",
        "classname" : "product-action-square-button__label",
        "xpath_fullXPath" : "/html/body/div[3]/main/div[1]/div/div/div/div[3]/div/ui-view/div/div[2]/div[2]/div[2]/product-card/div/div[2]/a/pre-shopping-cart-button/div/div/span[2]",
        "xpath_Descendant" : "//span[normalize-space()='Select Options']/parent::*/descendant::span[contains(text(),'Select Options')]",
        "xpath_Contains" : "//span[contains(text(),'Select Options')]",
        "xpath_default" : "//span[normalize-space()='Select Options']",
        "xpath_child" : "//span[normalize-space()='Select Options']/parent::*/child::span[contains(text(),'Select Options')]"
      },
      "pageName" : "NewPage",
      "objectName" : "span_SelectOptions",
      "healedElement" : "xpath : //span[normalize-space()='Select Options']",
      "healStatus" : "success",
      "appstatus" : false,
      "failedElement" : "xpath : //span[normalize-space()='Select Options123']",
      "testStepFailureReason" : "NoSuchElementException"
    } ],
    "testCaseName" : "RemoteTestNG"
  } ],
  "noSuchEleCount" : 2,
  "stleTmeOutCount" : 0,
  "netwrkErrCount" : 0,
  "othersCount" : 0,
  "testRunName" : "TestRun1"
}